<?xml version="1.0" encoding="UTF-8"?>
<testsuite xmlns:xsi="http://www.w3.org/2001/XMLSchema-instance" xsi:noNamespaceSchemaLocation="https://maven.apache.org/surefire/maven-surefire-plugin/xsd/surefire-test-report.xsd" name="chatclient.AppTest" time="0.665" tests="3" errors="0" skipped="0" failures="0">
  <properties>
[...]
</properties>
  <testcase name="shouldAddMessageToMessagePanel" classname="chatclient.AppTest" time="0.562"/>
  <testcase name="shouldRenderUI" classname="chatclient.AppTest" time="0.03"/>
  <testcase name="shouldChangeCurrentNick" classname="chatclient.AppTest" time="0.043"/>
</testsuite>